
  .   ____          _            __ _ _
 /\\ / ___'_ __ _ _(_)_ __  __ _ \ \ \ \
( ( )\___ | '_ | '_| | '_ \/ _` | \ \ \ \
 \\/  ___)| |_)| | | | | || (_| |  ) ) ) )
  '  |____| .__|_| |_|_| |_\__, | / / / /
 =========|_|==============|___/=/_/_/_/
 :: Spring Boot ::        (v2.2.2.RELEASE)

2021-03-08 21:58:13.255  INFO 6518 --- [           main] com.ForeSee.ForeSee.ServerMain           : The following profiles are active: prod
2021-03-08 21:58:14.793  INFO 6518 --- [           main] .s.d.r.c.RepositoryConfigurationDelegate : Multiple Spring Data modules found, entering strict repository configuration mode!
2021-03-08 21:58:14.796  INFO 6518 --- [           main] .s.d.r.c.RepositoryConfigurationDelegate : Bootstrapping Spring Data MongoDB repositories in DEFAULT mode.
2021-03-08 21:58:14.820  INFO 6518 --- [           main] .s.d.r.c.RepositoryConfigurationDelegate : Finished Spring Data repository scanning in 16ms. Found 0 MongoDB repository interfaces.
2021-03-08 21:58:14.837  INFO 6518 --- [           main] .s.d.r.c.RepositoryConfigurationDelegate : Multiple Spring Data modules found, entering strict repository configuration mode!
2021-03-08 21:58:14.838  INFO 6518 --- [           main] .s.d.r.c.RepositoryConfigurationDelegate : Bootstrapping Spring Data Redis repositories in DEFAULT mode.
2021-03-08 21:58:14.851  INFO 6518 --- [           main] .s.d.r.c.RepositoryConfigurationDelegate : Finished Spring Data repository scanning in 3ms. Found 0 Redis repository interfaces.
2021-03-08 21:58:14.967  WARN 6518 --- [           main] o.s.boot.actuate.endpoint.EndpointId     : Endpoint ID 'service-registry' contains invalid characters, please migrate to a valid format.
2021-03-08 21:58:15.227  INFO 6518 --- [           main] o.s.cloud.context.scope.GenericScope     : BeanFactory id=8fe02673-3534-3b5a-8f51-d9432e2ab3c0
2021-03-08 21:58:16.291  INFO 6518 --- [           main] o.s.b.w.embedded.tomcat.TomcatWebServer  : Tomcat initialized with port(s): 8288 (http)
2021-03-08 21:58:16.313  INFO 6518 --- [           main] o.apache.catalina.core.StandardService   : Starting service [Tomcat]
2021-03-08 21:58:16.313  INFO 6518 --- [           main] org.apache.catalina.core.StandardEngine  : Starting Servlet engine: [Apache Tomcat/9.0.29]
2021-03-08 21:58:16.424  INFO 6518 --- [           main] o.a.c.c.C.[Tomcat].[localhost].[/]       : Initializing Spring embedded WebApplicationContext
2021-03-08 21:58:16.427  INFO 6518 --- [           main] o.s.web.context.ContextLoader            : Root WebApplicationContext: initialization completed in 3129 ms
2021-03-08 21:58:16.458  WARN 6518 --- [           main] c.n.c.sources.URLConfigurationSource     : No URLs will be polled as dynamic configuration sources.
2021-03-08 21:58:16.458  INFO 6518 --- [           main] c.n.c.sources.URLConfigurationSource     : To enable URLs as dynamic configuration sources, define System property archaius.configurationSource.additionalUrls or make config.properties available on classpath.
2021-03-08 21:58:16.466  INFO 6518 --- [           main] c.netflix.config.DynamicPropertyFactory  : DynamicPropertyFactory is initialized with configuration sources: com.netflix.config.ConcurrentCompositeConfiguration@1df8da7a
2021-03-08 21:58:16.836  INFO 6518 --- [           main] org.mongodb.driver.cluster               : Cluster created with settings {hosts=[localhost:27017], mode=SINGLE, requiredClusterType=UNKNOWN, serverSelectionTimeout='30000 ms', maxWaitQueueSize=500}
2021-03-08 21:58:16.998  INFO 6518 --- [localhost:27017] org.mongodb.driver.connection            : Opened connection [connectionId{localValue:1, serverValue:637691}] to localhost:27017
2021-03-08 21:58:16.999  INFO 6518 --- [localhost:27017] org.mongodb.driver.cluster               : Monitor thread successfully connected to server with description ServerDescription{address=localhost:27017, type=STANDALONE, state=CONNECTED, ok=true, version=ServerVersion{versionList=[3, 4, 24]}, minWireVersion=0, maxWireVersion=5, maxDocumentSize=16777216, roundTripTimeNanos=898897}
2021-03-08 21:58:17.886  INFO 6518 --- [           main] Driver                                   : Direct driver instance 816798571 created for server address localhost:7687
2021-03-08 21:58:18.358  WARN 6518 --- [           main] c.n.c.sources.URLConfigurationSource     : No URLs will be polled as dynamic configuration sources.
2021-03-08 21:58:18.358  INFO 6518 --- [           main] c.n.c.sources.URLConfigurationSource     : To enable URLs as dynamic configuration sources, define System property archaius.configurationSource.additionalUrls or make config.properties available on classpath.
2021-03-08 21:58:18.839  INFO 6518 --- [           main] o.s.s.concurrent.ThreadPoolTaskExecutor  : Initializing ExecutorService 'applicationTaskExecutor'
2021-03-08 21:58:19.488  WARN 6518 --- [           main] ockingLoadBalancerClientRibbonWarnLogger : You already have RibbonLoadBalancerClient on your classpath. It will be used by default. As Spring Cloud Ribbon is in maintenance mode. We recommend switching to BlockingLoadBalancerClient instead. In order to use it, set the value of `spring.cloud.loadbalancer.ribbon.enabled` to `false` or remove spring-cloud-starter-netflix-ribbon from your project.
2021-03-08 21:58:19.526  WARN 6518 --- [           main] arterDeprecationWarningAutoConfiguration : spring-cloud-starter-eureka is deprecated as of Spring Cloud Netflix 1.4.0, please migrate to spring-cloud-starter-netflix-eureka
2021-03-08 21:58:19.529  INFO 6518 --- [           main] o.s.b.a.e.web.EndpointLinksResolver      : Exposing 2 endpoint(s) beneath base path '/actuator'
2021-03-08 21:58:19.583  INFO 6518 --- [           main] o.s.c.n.eureka.InstanceInfoFactory       : Setting initial instance status as: STARTING
2021-03-08 21:58:19.653  INFO 6518 --- [           main] com.netflix.discovery.DiscoveryClient    : Initializing Eureka in region us-east-1
2021-03-08 21:58:19.813  INFO 6518 --- [           main] c.n.d.provider.DiscoveryJerseyProvider   : Using JSON encoding codec LegacyJacksonJson
2021-03-08 21:58:19.813  INFO 6518 --- [           main] c.n.d.provider.DiscoveryJerseyProvider   : Using JSON decoding codec LegacyJacksonJson
2021-03-08 21:58:20.375  INFO 6518 --- [           main] c.n.d.provider.DiscoveryJerseyProvider   : Using XML encoding codec XStreamXml
2021-03-08 21:58:20.375  INFO 6518 --- [           main] c.n.d.provider.DiscoveryJerseyProvider   : Using XML decoding codec XStreamXml
2021-03-08 21:58:20.665  INFO 6518 --- [           main] c.n.d.s.r.aws.ConfigClusterResolver      : Resolving eureka endpoints via configuration
2021-03-08 21:58:20.693  INFO 6518 --- [           main] com.netflix.discovery.DiscoveryClient    : Disable delta property : false
2021-03-08 21:58:20.694  INFO 6518 --- [           main] com.netflix.discovery.DiscoveryClient    : Single vip registry refresh property : null
2021-03-08 21:58:20.694  INFO 6518 --- [           main] com.netflix.discovery.DiscoveryClient    : Force full registry fetch : false
2021-03-08 21:58:20.694  INFO 6518 --- [           main] com.netflix.discovery.DiscoveryClient    : Application is null : false
2021-03-08 21:58:20.694  INFO 6518 --- [           main] com.netflix.discovery.DiscoveryClient    : Registered Applications size is zero : true
2021-03-08 21:58:20.694  INFO 6518 --- [           main] com.netflix.discovery.DiscoveryClient    : Application version is -1: true
2021-03-08 21:58:20.694  INFO 6518 --- [           main] com.netflix.discovery.DiscoveryClient    : Getting all instance registry info from the eureka server
2021-03-08 21:58:20.972  INFO 6518 --- [           main] com.netflix.discovery.DiscoveryClient    : The response status is 200
2021-03-08 21:58:20.975  INFO 6518 --- [           main] com.netflix.discovery.DiscoveryClient    : Starting heartbeat executor: renew interval is: 30
2021-03-08 21:58:20.978  INFO 6518 --- [           main] c.n.discovery.InstanceInfoReplicator     : InstanceInfoReplicator onDemand update allowed rate per min is 4
2021-03-08 21:58:20.983  INFO 6518 --- [           main] com.netflix.discovery.DiscoveryClient    : Discovery Client initialized at timestamp 1615211900982 with initial instances count: 2
2021-03-08 21:58:20.986  INFO 6518 --- [           main] o.s.c.n.e.s.EurekaServiceRegistry        : Registering application SPRINGCLOUD-FORESEE with eureka with status UP
2021-03-08 21:58:20.986  INFO 6518 --- [           main] com.netflix.discovery.DiscoveryClient    : Saw local status change event StatusChangeEvent [timestamp=1615211900986, current=UP, previous=STARTING]
2021-03-08 21:58:20.989  INFO 6518 --- [nfoReplicator-0] com.netflix.discovery.DiscoveryClient    : DiscoveryClient_SPRINGCLOUD-FORESEE/springcloud-foresee-8288: registering service...
2021-03-08 21:58:21.037  INFO 6518 --- [nfoReplicator-0] com.netflix.discovery.DiscoveryClient    : DiscoveryClient_SPRINGCLOUD-FORESEE/springcloud-foresee-8288 - registration status: 204
2021-03-08 21:58:21.068  INFO 6518 --- [           main] o.s.b.w.embedded.tomcat.TomcatWebServer  : Tomcat started on port(s): 8288 (http) with context path ''
2021-03-08 21:58:21.069  INFO 6518 --- [           main] .s.c.n.e.s.EurekaAutoServiceRegistration : Updating port to 8288
2021-03-08 21:58:21.074  INFO 6518 --- [           main] com.ForeSee.ForeSee.ServerMain           : Started ServerMain in 9.629 seconds (JVM running for 10.375)
2021-03-08 21:58:51.261  INFO 6518 --- [nio-8288-exec-1] o.a.c.c.C.[Tomcat].[localhost].[/]       : Initializing Spring DispatcherServlet 'dispatcherServlet'
2021-03-08 21:58:51.262  INFO 6518 --- [nio-8288-exec-1] o.s.web.servlet.DispatcherServlet        : Initializing Servlet 'dispatcherServlet'
2021-03-08 21:58:51.276  INFO 6518 --- [nio-8288-exec-1] o.s.web.servlet.DispatcherServlet        : Completed initialization in 14 ms
2021-03-08 21:58:51.337  INFO 6518 --- [nio-8288-exec-1] c.F.ForeSee.controller.InfoController    : getIndustryInfo industryCode/name: BK0546
2021-03-08 21:58:51.338  INFO 6518 --- [nio-8288-exec-1] org.mongodb.driver.cluster               : Cluster created with settings {hosts=[192.168.1.107:27017], mode=SINGLE, requiredClusterType=UNKNOWN, serverSelectionTimeout='30000 ms', maxWaitQueueSize=500}
2021-03-08 21:58:51.344  INFO 6518 --- [168.1.107:27017] org.mongodb.driver.connection            : Opened connection [connectionId{localValue:2, serverValue:637692}] to 192.168.1.107:27017
2021-03-08 21:58:51.346  INFO 6518 --- [168.1.107:27017] org.mongodb.driver.cluster               : Monitor thread successfully connected to server with description ServerDescription{address=192.168.1.107:27017, type=STANDALONE, state=CONNECTED, ok=true, version=ServerVersion{versionList=[3, 4, 24]}, minWireVersion=0, maxWireVersion=5, maxDocumentSize=16777216, roundTripTimeNanos=659319}
2021-03-08 21:58:51.384  INFO 6518 --- [nio-8288-exec-1] org.mongodb.driver.connection            : Opened connection [connectionId{localValue:3, serverValue:637693}] to 192.168.1.107:27017
2021-03-08 21:58:51.418  INFO 6518 --- [nio-8288-exec-1] org.mongodb.driver.connection            : Closed connection [connectionId{localValue:3, serverValue:637693}] to 192.168.1.107:27017 because the pool has been closed.
2021-03-08 21:58:51.766  INFO 6518 --- [nio-8288-exec-2] c.F.ForeSee.controller.QueryController   : getCompanyQuery query: 蓝思科技的成立时间
2021-03-08 21:58:51.970  INFO 6518 --- [nio-8288-exec-2] c.F.ForeSee.dao.RedisDao.CompanyQuery    : RedisDao getStockCodes process time:78
2021-03-08 21:58:51.971  INFO 6518 --- [nio-8288-exec-2] org.mongodb.driver.cluster               : Cluster created with settings {hosts=[192.168.1.107:27017], mode=SINGLE, requiredClusterType=UNKNOWN, serverSelectionTimeout='30000 ms', maxWaitQueueSize=500}
2021-03-08 21:58:51.974  INFO 6518 --- [168.1.107:27017] org.mongodb.driver.connection            : Opened connection [connectionId{localValue:4, serverValue:637694}] to 192.168.1.107:27017
2021-03-08 21:58:51.975  INFO 6518 --- [168.1.107:27017] org.mongodb.driver.cluster               : Monitor thread successfully connected to server with description ServerDescription{address=192.168.1.107:27017, type=STANDALONE, state=CONNECTED, ok=true, version=ServerVersion{versionList=[3, 4, 24]}, minWireVersion=0, maxWireVersion=5, maxDocumentSize=16777216, roundTripTimeNanos=328457}
Error in RedisDao getIndustryCodes
redis.clients.jedis.exceptions.JedisDataException: WRONGTYPE Operation against a key holding the wrong kind of value
	at redis.clients.jedis.Protocol.processError(Protocol.java:132)
	at redis.clients.jedis.Protocol.process(Protocol.java:166)
	at redis.clients.jedis.Protocol.read(Protocol.java:220)
	at redis.clients.jedis.Connection.readProtocolWithCheckingBroken(Connection.java:278)
	at redis.clients.jedis.Connection.getBinaryBulkReply(Connection.java:215)
	at redis.clients.jedis.Connection.getBulkReply(Connection.java:205)
	at redis.clients.jedis.Jedis.get(Jedis.java:185)
	at com.ForeSee.ForeSee.dao.RedisDao.FuzzySearch.FuzzySearchList(FuzzySearch.java:48)
	at com.ForeSee.ForeSee.dao.RedisDao.IndustryQuery.getIndustryCodes(IndustryQuery.java:126)
	at com.ForeSee.ForeSee.service.QueryService.getCompanyQuery(QueryService.java:269)
	at com.ForeSee.ForeSee.controller.QueryController.getCompanyQuery(QueryController.java:95)
	at sun.reflect.NativeMethodAccessorImpl.invoke0(Native Method)
	at sun.reflect.NativeMethodAccessorImpl.invoke(NativeMethodAccessorImpl.java:62)
	at sun.reflect.DelegatingMethodAccessorImpl.invoke(DelegatingMethodAccessorImpl.java:43)
	at java.lang.reflect.Method.invoke(Method.java:498)
	at org.springframework.web.method.support.InvocableHandlerMethod.doInvoke(InvocableHandlerMethod.java:190)
	at org.springframework.web.method.support.InvocableHandlerMethod.invokeForRequest(InvocableHandlerMethod.java:138)
	at org.springframework.web.servlet.mvc.method.annotation.ServletInvocableHandlerMethod.invokeAndHandle(ServletInvocableHandlerMethod.java:106)
	at org.springframework.web.servlet.mvc.method.annotation.RequestMappingHandlerAdapter.invokeHandlerMethod(RequestMappingHandlerAdapter.java:888)
	at org.springframework.web.servlet.mvc.method.annotation.RequestMappingHandlerAdapter.handleInternal(RequestMappingHandlerAdapter.java:793)
	at org.springframework.web.servlet.mvc.method.AbstractHandlerMethodAdapter.handle(AbstractHandlerMethodAdapter.java:87)
	at org.springframework.web.servlet.DispatcherServlet.doDispatch(DispatcherServlet.java:1040)
	at org.springframework.web.servlet.DispatcherServlet.doService(DispatcherServlet.java:943)
	at org.springframework.web.servlet.FrameworkServlet.processRequest(FrameworkServlet.java:1006)
	at org.springframework.web.servlet.FrameworkServlet.doGet(FrameworkServlet.java:898)
	at javax.servlet.http.HttpServlet.service(HttpServlet.java:634)
	at org.springframework.web.servlet.FrameworkServlet.service(FrameworkServlet.java:883)
	at javax.servlet.http.HttpServlet.service(HttpServlet.java:741)
	at org.apache.catalina.core.ApplicationFilterChain.internalDoFilter(ApplicationFilterChain.java:231)
	at org.apache.catalina.core.ApplicationFilterChain.doFilter(ApplicationFilterChain.java:166)
	at org.apache.tomcat.websocket.server.WsFilter.doFilter(WsFilter.java:53)
	at org.apache.catalina.core.ApplicationFilterChain.internalDoFilter(ApplicationFilterChain.java:193)
	at org.apache.catalina.core.ApplicationFilterChain.doFilter(ApplicationFilterChain.java:166)
	at org.springframework.web.filter.RequestContextFilter.doFilterInternal(RequestContextFilter.java:100)
	at org.springframework.web.filter.OncePerRequestFilter.doFilter(OncePerRequestFilter.java:119)
	at org.apache.catalina.core.ApplicationFilterChain.internalDoFilter(ApplicationFilterChain.java:193)
	at org.apache.catalina.core.ApplicationFilterChain.doFilter(ApplicationFilterChain.java:166)
	at org.springframework.web.filter.FormContentFilter.doFilterInternal(FormContentFilter.java:93)
	at org.springframework.web.filter.OncePerRequestFilter.doFilter(OncePerRequestFilter.java:119)
	at org.apache.catalina.core.ApplicationFilterChain.internalDoFilter(ApplicationFilterChain.java:193)
	at org.apache.catalina.core.ApplicationFilterChain.doFilter(ApplicationFilterChain.java:166)
	at org.springframework.boot.actuate.metrics.web.servlet.WebMvcMetricsFilter.doFilterInternal(WebMvcMetricsFilter.java:108)
	at org.springframework.web.filter.OncePerRequestFilter.doFilter(OncePerRequestFilter.java:119)
	at org.apache.catalina.core.ApplicationFilterChain.internalDoFilter(ApplicationFilterChain.java:193)
	at org.apache.catalina.core.ApplicationFilterChain.doFilter(ApplicationFilterChain.java:166)
	at org.springframework.web.filter.CharacterEncodingFilter.doFilterInternal(CharacterEncodingFilter.java:201)
	at org.springframework.web.filter.OncePerRequestFilter.doFilter(OncePerRequestFilter.java:119)
	at org.apache.catalina.core.ApplicationFilterChain.internalDoFilter(ApplicationFilterChain.java:193)
	at org.apache.catalina.core.ApplicationFilterChain.doFilter(ApplicationFilterChain.java:166)
	at org.apache.catalina.core.StandardWrapperValve.invoke(StandardWrapperValve.java:202)
	at org.apache.catalina.core.StandardContextValve.invoke(StandardContextValve.java:96)
	at org.apache.catalina.authenticator.AuthenticatorBase.invoke(AuthenticatorBase.java:526)
	at org.apache.catalina.core.StandardHostValve.invoke(StandardHostValve.java:139)
	at org.apache.catalina.valves.ErrorReportValve.invoke(ErrorReportValve.java:92)
	at org.apache.catalina.core.StandardEngineValve.invoke(StandardEngineValve.java:74)
	at org.apache.catalina.connector.CoyoteAdapter.service(CoyoteAdapter.java:343)
	at org.apache.coyote.http11.Http11Processor.service(Http11Processor.java:367)
	at org.apache.coyote.AbstractProcessorLight.process(AbstractProcessorLight.java:65)
	at org.apache.coyote.AbstractProtocol$ConnectionHandler.process(AbstractProtocol.java:860)
	at org.apache.tomcat.util.net.NioEndpoint$SocketProcessor.doRun(NioEndpoint.java:1591)
	at org.apache.tomcat.util.net.SocketProcessorBase.run(SocketProcessorBase.java:49)
	at java.util.concurrent.ThreadPoolExecutor.runWorker(ThreadPoolExecutor.java:1149)
	at java.util.concurrent.ThreadPoolExecutor$Worker.run(ThreadPoolExecutor.java:624)
	at org.apache.tomcat.util.threads.TaskThread$WrappingRunnable.run(TaskThread.java:61)
	at java.lang.Thread.run(Thread.java:748)
2021-03-08 21:58:52.008  INFO 6518 --- [nio-8288-exec-2] c.F.ForeSee.dao.RedisDao.IndustryQuery   : RedisDao getIndustryCodes process time:36
java.lang.IndexOutOfBoundsException: toIndex = 200
	at java.util.ArrayList.subListRangeCheck(ArrayList.java:1012)
	at java.util.ArrayList.subList(ArrayList.java:1004)
	at com.ForeSee.ForeSee.service.QueryService.getCompanyQuery(QueryService.java:272)
	at com.ForeSee.ForeSee.controller.QueryController.getCompanyQuery(QueryController.java:95)
	at sun.reflect.NativeMethodAccessorImpl.invoke0(Native Method)
	at sun.reflect.NativeMethodAccessorImpl.invoke(NativeMethodAccessorImpl.java:62)
	at sun.reflect.DelegatingMethodAccessorImpl.invoke(DelegatingMethodAccessorImpl.java:43)
	at java.lang.reflect.Method.invoke(Method.java:498)
	at org.springframework.web.method.support.InvocableHandlerMethod.doInvoke(InvocableHandlerMethod.java:190)
	at org.springframework.web.method.support.InvocableHandlerMethod.invokeForRequest(InvocableHandlerMethod.java:138)
	at org.springframework.web.servlet.mvc.method.annotation.ServletInvocableHandlerMethod.invokeAndHandle(ServletInvocableHandlerMethod.java:106)
	at org.springframework.web.servlet.mvc.method.annotation.RequestMappingHandlerAdapter.invokeHandlerMethod(RequestMappingHandlerAdapter.java:888)
	at org.springframework.web.servlet.mvc.method.annotation.RequestMappingHandlerAdapter.handleInternal(RequestMappingHandlerAdapter.java:793)
	at org.springframework.web.servlet.mvc.method.AbstractHandlerMethodAdapter.handle(AbstractHandlerMethodAdapter.java:87)
	at org.springframework.web.servlet.DispatcherServlet.doDispatch(DispatcherServlet.java:1040)
	at org.springframework.web.servlet.DispatcherServlet.doService(DispatcherServlet.java:943)
	at org.springframework.web.servlet.FrameworkServlet.processRequest(FrameworkServlet.java:1006)
	at org.springframework.web.servlet.FrameworkServlet.doGet(FrameworkServlet.java:898)
	at javax.servlet.http.HttpServlet.service(HttpServlet.java:634)
	at org.springframework.web.servlet.FrameworkServlet.service(FrameworkServlet.java:883)
	at javax.servlet.http.HttpServlet.service(HttpServlet.java:741)
	at org.apache.catalina.core.ApplicationFilterChain.internalDoFilter(ApplicationFilterChain.java:231)
	at org.apache.catalina.core.ApplicationFilterChain.doFilter(ApplicationFilterChain.java:166)
	at org.apache.tomcat.websocket.server.WsFilter.doFilter(WsFilter.java:53)
	at org.apache.catalina.core.ApplicationFilterChain.internalDoFilter(ApplicationFilterChain.java:193)
	at org.apache.catalina.core.ApplicationFilterChain.doFilter(ApplicationFilterChain.java:166)
	at org.springframework.web.filter.RequestContextFilter.doFilterInternal(RequestContextFilter.java:100)
	at org.springframework.web.filter.OncePerRequestFilter.doFilter(OncePerRequestFilter.java:119)
	at org.apache.catalina.core.ApplicationFilterChain.internalDoFilter(ApplicationFilterChain.java:193)
	at org.apache.catalina.core.ApplicationFilterChain.doFilter(ApplicationFilterChain.java:166)
	at org.springframework.web.filter.FormContentFilter.doFilterInternal(FormContentFilter.java:93)
	at org.springframework.web.filter.OncePerRequestFilter.doFilter(OncePerRequestFilter.java:119)
	at org.apache.catalina.core.ApplicationFilterChain.internalDoFilter(ApplicationFilterChain.java:193)
	at org.apache.catalina.core.ApplicationFilterChain.doFilter(ApplicationFilterChain.java:166)
	at org.springframework.boot.actuate.metrics.web.servlet.WebMvcMetricsFilter.doFilterInternal(WebMvcMetricsFilter.java:108)
	at org.springframework.web.filter.OncePerRequestFilter.doFilter(OncePerRequestFilter.java:119)
	at org.apache.catalina.core.ApplicationFilterChain.internalDoFilter(ApplicationFilterChain.java:193)
	at org.apache.catalina.core.ApplicationFilterChain.doFilter(ApplicationFilterChain.java:166)
	at org.springframework.web.filter.CharacterEncodingFilter.doFilterInternal(CharacterEncodingFilter.java:201)
	at org.springframework.web.filter.OncePerRequestFilter.doFilter(OncePerRequestFilter.java:119)
	at org.apache.catalina.core.ApplicationFilterChain.internalDoFilter(ApplicationFilterChain.java:193)
	at org.apache.catalina.core.ApplicationFilterChain.doFilter(ApplicationFilterChain.java:166)
	at org.apache.catalina.core.StandardWrapperValve.invoke(StandardWrapperValve.java:202)
	at org.apache.catalina.core.StandardContextValve.invoke(StandardContextValve.java:96)
	at org.apache.catalina.authenticator.AuthenticatorBase.invoke(AuthenticatorBase.java:526)
	at org.apache.catalina.core.StandardHostValve.invoke(StandardHostValve.java:139)
	at org.apache.catalina.valves.ErrorReportValve.invoke(ErrorReportValve.java:92)
	at org.apache.catalina.core.StandardEngineValve.invoke(StandardEngineValve.java:74)
	at org.apache.catalina.connector.CoyoteAdapter.service(CoyoteAdapter.java:343)
	at org.apache.coyote.http11.Http11Processor.service(Http11Processor.java:367)
	at org.apache.coyote.AbstractProcessorLight.process(AbstractProcessorLight.java:65)
	at org.apache.coyote.AbstractProtocol$ConnectionHandler.process(AbstractProtocol.java:860)
	at org.apache.tomcat.util.net.NioEndpoint$SocketProcessor.doRun(NioEndpoint.java:1591)
	at org.apache.tomcat.util.net.SocketProcessorBase.run(SocketProcessorBase.java:49)
	at java.util.concurrent.ThreadPoolExecutor.runWorker(ThreadPoolExecutor.java:1149)
	at java.util.concurrent.ThreadPoolExecutor$Worker.run(ThreadPoolExecutor.java:624)
	at org.apache.tomcat.util.threads.TaskThread$WrappingRunnable.run(TaskThread.java:61)
	at java.lang.Thread.run(Thread.java:748)
2021-03-08 21:58:52.013  INFO 6518 --- [nio-8288-exec-2] org.mongodb.driver.connection            : Opened connection [connectionId{localValue:5, serverValue:637695}] to 192.168.1.107:27017
java.lang.NullPointerException
	at com.ForeSee.ForeSee.dao.MongoDBDao.CompanyInfo.getCompanyInfo(CompanyInfo.java:40)
	at com.ForeSee.ForeSee.service.QueryService.getCompanyQuery(QueryService.java:291)
	at com.ForeSee.ForeSee.controller.QueryController.getCompanyQuery(QueryController.java:95)
	at sun.reflect.NativeMethodAccessorImpl.invoke0(Native Method)
	at sun.reflect.NativeMethodAccessorImpl.invoke(NativeMethodAccessorImpl.java:62)
	at sun.reflect.DelegatingMethodAccessorImpl.invoke(DelegatingMethodAccessorImpl.java:43)
	at java.lang.reflect.Method.invoke(Method.java:498)
	at org.springframework.web.method.support.InvocableHandlerMethod.doInvoke(InvocableHandlerMethod.java:190)
	at org.springframework.web.method.support.InvocableHandlerMethod.invokeForRequest(InvocableHandlerMethod.java:138)
	at org.springframework.web.servlet.mvc.method.annotation.ServletInvocableHandlerMethod.invokeAndHandle(ServletInvocableHandlerMethod.java:106)
	at org.springframework.web.servlet.mvc.method.annotation.RequestMappingHandlerAdapter.invokeHandlerMethod(RequestMappingHandlerAdapter.java:888)
	at org.springframework.web.servlet.mvc.method.annotation.RequestMappingHandlerAdapter.handleInternal(RequestMappingHandlerAdapter.java:793)
	at org.springframework.web.servlet.mvc.method.AbstractHandlerMethodAdapter.handle(AbstractHandlerMethodAdapter.java:87)
	at org.springframework.web.servlet.DispatcherServlet.doDispatch(DispatcherServlet.java:1040)
	at org.springframework.web.servlet.DispatcherServlet.doService(DispatcherServlet.java:943)
	at org.springframework.web.servlet.FrameworkServlet.processRequest(FrameworkServlet.java:1006)
	at org.springframework.web.servlet.FrameworkServlet.doGet(FrameworkServlet.java:898)
	at javax.servlet.http.HttpServlet.service(HttpServlet.java:634)
	at org.springframework.web.servlet.FrameworkServlet.service(FrameworkServlet.java:883)
	at javax.servlet.http.HttpServlet.service(HttpServlet.java:741)
	at org.apache.catalina.core.ApplicationFilterChain.internalDoFilter(ApplicationFilterChain.java:231)
	at org.apache.catalina.core.ApplicationFilterChain.doFilter(ApplicationFilterChain.java:166)
	at org.apache.tomcat.websocket.server.WsFilter.doFilter(WsFilter.java:53)
	at org.apache.catalina.core.ApplicationFilterChain.internalDoFilter(ApplicationFilterChain.java:193)
	at org.apache.catalina.core.ApplicationFilterChain.doFilter(ApplicationFilterChain.java:166)
	at org.springframework.web.filter.RequestContextFilter.doFilterInternal(RequestContextFilter.java:100)
	at org.springframework.web.filter.OncePerRequestFilter.doFilter(OncePerRequestFilter.java:119)
	at org.apache.catalina.core.ApplicationFilterChain.internalDoFilter(ApplicationFilterChain.java:193)
	at org.apache.catalina.core.ApplicationFilterChain.doFilter(ApplicationFilterChain.java:166)
	at org.springframework.web.filter.FormContentFilter.doFilterInternal(FormContentFilter.java:93)
	at org.springframework.web.filter.OncePerRequestFilter.doFilter(OncePerRequestFilter.java:119)
	at org.apache.catalina.core.ApplicationFilterChain.internalDoFilter(ApplicationFilterChain.java:193)
	at org.apache.catalina.core.ApplicationFilterChain.doFilter(ApplicationFilterChain.java:166)
	at org.springframework.boot.actuate.metrics.web.servlet.WebMvcMetricsFilter.doFilterInternal(WebMvcMetricsFilter.java:108)
	at org.springframework.web.filter.OncePerRequestFilter.doFilter(OncePerRequestFilter.java:119)
	at org.apache.catalina.core.ApplicationFilterChain.internalDoFilter(ApplicationFilterChain.java:193)
	at org.apache.catalina.core.ApplicationFilterChain.doFilter(ApplicationFilterChain.java:166)
	at org.springframework.web.filter.CharacterEncodingFilter.doFilterInternal(CharacterEncodingFilter.java:201)
	at org.springframework.web.filter.OncePerRequestFilter.doFilter(OncePerRequestFilter.java:119)
	at org.apache.catalina.core.ApplicationFilterChain.internalDoFilter(ApplicationFilterChain.java:193)
	at org.apache.catalina.core.ApplicationFilterChain.doFilter(ApplicationFilterChain.java:166)
	at org.apache.catalina.core.StandardWrapperValve.invoke(StandardWrapperValve.java:202)
	at org.apache.catalina.core.StandardContextValve.invoke(StandardContextValve.java:96)
	at org.apache.catalina.authenticator.AuthenticatorBase.invoke(AuthenticatorBase.java:526)
	at org.apache.catalina.core.StandardHostValve.invoke(StandardHostValve.java:139)
	at org.apache.catalina.valves.ErrorReportValve.invoke(ErrorReportValve.java:92)
	at org.apache.catalina.core.StandardEngineValve.invoke(StandardEngineValve.java:74)
	at org.apache.catalina.connector.CoyoteAdapter.service(CoyoteAdapter.java:343)
	at org.apache.coyote.http11.Http11Processor.service(Http11Processor.java:367)
	at org.apache.coyote.AbstractProcessorLight.process(AbstractProcessorLight.java:65)
	at org.apache.coyote.AbstractProtocol$ConnectionHandler.process(AbstractProtocol.java:860)
	at org.apache.tomcat.util.net.NioEndpoint$SocketProcessor.doRun(NioEndpoint.java:1591)
	at org.apache.tomcat.util.net.SocketProcessorBase.run(SocketProcessorBase.java:49)
	at java.util.concurrent.ThreadPoolExecutor.runWorker(ThreadPoolExecutor.java:1149)
	at java.util.concurrent.ThreadPoolExecutor$Worker.run(ThreadPoolExecutor.java:624)
	at org.apache.tomcat.util.threads.TaskThread$WrappingRunnable.run(TaskThread.java:61)
	at java.lang.Thread.run(Thread.java:748)
2021-03-08 21:58:52.227  INFO 6518 --- [nio-8288-exec-2] org.mongodb.driver.connection            : Closed connection [connectionId{localValue:5, serverValue:637695}] to 192.168.1.107:27017 because the pool has been closed.
2021-03-08 21:59:34.983  INFO 6518 --- [nio-8288-exec-3] c.F.ForeSee.controller.InfoController    : getIndustryInfo industryCode/name: BK0546
2021-03-08 21:59:34.984  INFO 6518 --- [nio-8288-exec-3] org.mongodb.driver.cluster               : Cluster created with settings {hosts=[192.168.1.107:27017], mode=SINGLE, requiredClusterType=UNKNOWN, serverSelectionTimeout='30000 ms', maxWaitQueueSize=500}
2021-03-08 21:59:34.985  INFO 6518 --- [nio-8288-exec-3] org.mongodb.driver.cluster               : No server chosen by ReadPreferenceServerSelector{readPreference=primary} from cluster description ClusterDescription{type=UNKNOWN, connectionMode=SINGLE, all=[ServerDescription{address=192.168.1.107:27017, type=UNKNOWN, state=CONNECTING}]}. Waiting for 30000 ms before timing out
2021-03-08 21:59:34.986  INFO 6518 --- [168.1.107:27017] org.mongodb.driver.connection            : Opened connection [connectionId{localValue:6, serverValue:637696}] to 192.168.1.107:27017
2021-03-08 21:59:34.987  INFO 6518 --- [168.1.107:27017] org.mongodb.driver.cluster               : Monitor thread successfully connected to server with description ServerDescription{address=192.168.1.107:27017, type=STANDALONE, state=CONNECTED, ok=true, version=ServerVersion{versionList=[3, 4, 24]}, minWireVersion=0, maxWireVersion=5, maxDocumentSize=16777216, roundTripTimeNanos=365502}
2021-03-08 21:59:34.989  INFO 6518 --- [nio-8288-exec-3] org.mongodb.driver.connection            : Opened connection [connectionId{localValue:7, serverValue:637697}] to 192.168.1.107:27017
2021-03-08 21:59:34.993  INFO 6518 --- [nio-8288-exec-3] org.mongodb.driver.connection            : Closed connection [connectionId{localValue:7, serverValue:637697}] to 192.168.1.107:27017 because the pool has been closed.
2021-03-08 22:01:20.307  INFO 6518 --- [nio-8288-exec-5] c.F.ForeSee.controller.InfoController    : getIndustryInfo industryCode/name: BK0546
2021-03-08 22:01:20.308  INFO 6518 --- [nio-8288-exec-5] org.mongodb.driver.cluster               : Cluster created with settings {hosts=[192.168.1.107:27017], mode=SINGLE, requiredClusterType=UNKNOWN, serverSelectionTimeout='30000 ms', maxWaitQueueSize=500}
2021-03-08 22:01:20.309  INFO 6518 --- [nio-8288-exec-5] org.mongodb.driver.cluster               : No server chosen by ReadPreferenceServerSelector{readPreference=primary} from cluster description ClusterDescription{type=UNKNOWN, connectionMode=SINGLE, all=[ServerDescription{address=192.168.1.107:27017, type=UNKNOWN, state=CONNECTING}]}. Waiting for 30000 ms before timing out
2021-03-08 22:01:20.310  INFO 6518 --- [168.1.107:27017] org.mongodb.driver.connection            : Opened connection [connectionId{localValue:8, serverValue:637698}] to 192.168.1.107:27017
2021-03-08 22:01:20.311  INFO 6518 --- [168.1.107:27017] org.mongodb.driver.cluster               : Monitor thread successfully connected to server with description ServerDescription{address=192.168.1.107:27017, type=STANDALONE, state=CONNECTED, ok=true, version=ServerVersion{versionList=[3, 4, 24]}, minWireVersion=0, maxWireVersion=5, maxDocumentSize=16777216, roundTripTimeNanos=361308}
2021-03-08 22:01:20.313  INFO 6518 --- [nio-8288-exec-5] org.mongodb.driver.connection            : Opened connection [connectionId{localValue:9, serverValue:637699}] to 192.168.1.107:27017
2021-03-08 22:01:20.315  INFO 6518 --- [nio-8288-exec-5] org.mongodb.driver.connection            : Closed connection [connectionId{localValue:9, serverValue:637699}] to 192.168.1.107:27017 because the pool has been closed.
2021-03-08 22:03:20.697  INFO 6518 --- [trap-executor-0] c.n.d.s.r.aws.ConfigClusterResolver      : Resolving eureka endpoints via configuration
2021-03-08 22:03:29.698  INFO 6518 --- [nio-8288-exec-8] c.F.ForeSee.controller.InfoController    : getIndustryInfo industryCode/name: BK0546
2021-03-08 22:03:29.699  INFO 6518 --- [nio-8288-exec-8] org.mongodb.driver.cluster               : Cluster created with settings {hosts=[192.168.1.107:27017], mode=SINGLE, requiredClusterType=UNKNOWN, serverSelectionTimeout='30000 ms', maxWaitQueueSize=500}
2021-03-08 22:03:29.700  INFO 6518 --- [nio-8288-exec-8] org.mongodb.driver.cluster               : No server chosen by ReadPreferenceServerSelector{readPreference=primary} from cluster description ClusterDescription{type=UNKNOWN, connectionMode=SINGLE, all=[ServerDescription{address=192.168.1.107:27017, type=UNKNOWN, state=CONNECTING}]}. Waiting for 30000 ms before timing out
2021-03-08 22:03:29.702  INFO 6518 --- [168.1.107:27017] org.mongodb.driver.connection            : Opened connection [connectionId{localValue:10, serverValue:637700}] to 192.168.1.107:27017
2021-03-08 22:03:29.702  INFO 6518 --- [168.1.107:27017] org.mongodb.driver.cluster               : Monitor thread successfully connected to server with description ServerDescription{address=192.168.1.107:27017, type=STANDALONE, state=CONNECTED, ok=true, version=ServerVersion{versionList=[3, 4, 24]}, minWireVersion=0, maxWireVersion=5, maxDocumentSize=16777216, roundTripTimeNanos=216207}
2021-03-08 22:03:29.704  INFO 6518 --- [nio-8288-exec-8] org.mongodb.driver.connection            : Opened connection [connectionId{localValue:11, serverValue:637701}] to 192.168.1.107:27017
2021-03-08 22:03:29.742  INFO 6518 --- [nio-8288-exec-7] c.F.ForeSee.controller.InfoController    : getIndustryNews Code/Name: undefined page:1
2021-03-08 22:03:29.743  INFO 6518 --- [nio-8288-exec-7] c.F.ForeSee.dao.RedisDao.CompanyQuery    : RedisDao getStockCodeBasedIndustry process time:1
2021-03-08 22:03:29.744  INFO 6518 --- [nio-8288-exec-7] org.mongodb.driver.cluster               : Cluster created with settings {hosts=[192.168.1.107:27017], mode=SINGLE, requiredClusterType=UNKNOWN, serverSelectionTimeout='30000 ms', maxWaitQueueSize=500}
2021-03-08 22:03:29.747  INFO 6518 --- [nio-8288-exec-8] org.mongodb.driver.connection            : Closed connection [connectionId{localValue:11, serverValue:637701}] to 192.168.1.107:27017 because the pool has been closed.
2021-03-08 22:03:29.799  INFO 6518 --- [nio-8288-exec-9] c.F.ForeSee.controller.InfoController    : getIndustryInfo industryCode/name: BK0546
2021-03-08 22:03:29.799  INFO 6518 --- [nio-8288-exec-9] org.mongodb.driver.cluster               : Cluster created with settings {hosts=[192.168.1.107:27017], mode=SINGLE, requiredClusterType=UNKNOWN, serverSelectionTimeout='30000 ms', maxWaitQueueSize=500}
2021-03-08 22:03:29.801  INFO 6518 --- [nio-8288-exec-9] org.mongodb.driver.cluster               : No server chosen by ReadPreferenceServerSelector{readPreference=primary} from cluster description ClusterDescription{type=UNKNOWN, connectionMode=SINGLE, all=[ServerDescription{address=192.168.1.107:27017, type=UNKNOWN, state=CONNECTING}]}. Waiting for 30000 ms before timing out
2021-03-08 22:03:29.802  INFO 6518 --- [168.1.107:27017] org.mongodb.driver.connection            : Opened connection [connectionId{localValue:13, serverValue:637703}] to 192.168.1.107:27017
2021-03-08 22:03:29.803  INFO 6518 --- [168.1.107:27017] org.mongodb.driver.cluster               : Monitor thread successfully connected to server with description ServerDescription{address=192.168.1.107:27017, type=STANDALONE, state=CONNECTED, ok=true, version=ServerVersion{versionList=[3, 4, 24]}, minWireVersion=0, maxWireVersion=5, maxDocumentSize=16777216, roundTripTimeNanos=293279}
2021-03-08 22:03:29.806  INFO 6518 --- [nio-8288-exec-9] org.mongodb.driver.connection            : Opened connection [connectionId{localValue:14, serverValue:637704}] to 192.168.1.107:27017
2021-03-08 22:03:29.808  INFO 6518 --- [nio-8288-exec-9] org.mongodb.driver.connection            : Closed connection [connectionId{localValue:14, serverValue:637704}] to 192.168.1.107:27017 because the pool has been closed.
2021-03-08 22:03:29.973  INFO 6518 --- [io-8288-exec-10] c.F.ForeSee.controller.InfoController    : getIndustryReport Code/Name: BK0546 page:1
2021-03-08 22:03:29.974  INFO 6518 --- [io-8288-exec-10] org.mongodb.driver.cluster               : Cluster created with settings {hosts=[192.168.1.107:27017], mode=SINGLE, requiredClusterType=UNKNOWN, serverSelectionTimeout='30000 ms', maxWaitQueueSize=500}
2021-03-08 22:03:29.976  INFO 6518 --- [io-8288-exec-10] c.F.ForeSee.dao.RedisDao.IndustryQuery   : RedisDao getIndustryCode process time:1
2021-03-08 22:03:29.977  INFO 6518 --- [168.1.107:27017] org.mongodb.driver.connection            : Opened connection [connectionId{localValue:15, serverValue:637705}] to 192.168.1.107:27017
2021-03-08 22:03:29.978  INFO 6518 --- [168.1.107:27017] org.mongodb.driver.cluster               : Monitor thread successfully connected to server with description ServerDescription{address=192.168.1.107:27017, type=STANDALONE, state=CONNECTED, ok=true, version=ServerVersion{versionList=[3, 4, 24]}, minWireVersion=0, maxWireVersion=5, maxDocumentSize=16777216, roundTripTimeNanos=307851}
2021-03-08 22:03:29.981  INFO 6518 --- [io-8288-exec-10] org.mongodb.driver.connection            : Opened connection [connectionId{localValue:16, serverValue:637706}] to 192.168.1.107:27017
2021-03-08 22:03:30.006  INFO 6518 --- [io-8288-exec-10] org.mongodb.driver.connection            : Closed connection [connectionId{localValue:16, serverValue:637706}] to 192.168.1.107:27017 because the pool has been closed.
2021-03-08 22:03:30.011  INFO 6518 --- [nio-8288-exec-1] c.F.ForeSee.controller.InfoController    : getIndustryNews Code/Name: BK0546 page:1
2021-03-08 22:03:30.012  INFO 6518 --- [nio-8288-exec-1] c.F.ForeSee.dao.RedisDao.CompanyQuery    : RedisDao getStockCodeBasedIndustry process time:1
2021-03-08 22:03:30.013  INFO 6518 --- [nio-8288-exec-1] org.mongodb.driver.cluster               : Cluster created with settings {hosts=[192.168.1.107:27017], mode=SINGLE, requiredClusterType=UNKNOWN, serverSelectionTimeout='30000 ms', maxWaitQueueSize=500}
2021-03-08 22:03:30.014  INFO 6518 --- [nio-8288-exec-1] org.mongodb.driver.cluster               : No server chosen by ReadPreferenceServerSelector{readPreference=primary} from cluster description ClusterDescription{type=UNKNOWN, connectionMode=SINGLE, all=[ServerDescription{address=192.168.1.107:27017, type=UNKNOWN, state=CONNECTING}]}. Waiting for 30000 ms before timing out
2021-03-08 22:03:30.015  INFO 6518 --- [168.1.107:27017] org.mongodb.driver.connection            : Opened connection [connectionId{localValue:17, serverValue:637707}] to 192.168.1.107:27017
2021-03-08 22:03:30.016  INFO 6518 --- [168.1.107:27017] org.mongodb.driver.cluster               : Monitor thread successfully connected to server with description ServerDescription{address=192.168.1.107:27017, type=STANDALONE, state=CONNECTED, ok=true, version=ServerVersion{versionList=[3, 4, 24]}, minWireVersion=0, maxWireVersion=5, maxDocumentSize=16777216, roundTripTimeNanos=219353}
2021-03-08 22:03:30.018  INFO 6518 --- [nio-8288-exec-1] org.mongodb.driver.connection            : Opened connection [connectionId{localValue:18, serverValue:637708}] to 192.168.1.107:27017
2021-03-08 22:03:30.151  INFO 6518 --- [nio-8288-exec-1] org.mongodb.driver.connection            : Closed connection [connectionId{localValue:18, serverValue:637708}] to 192.168.1.107:27017 because the pool has been closed.
